2022/10/18 15:46:11.990747 main.go:37: Start of Entry After Re-run
2022/10/18 15:46:15.508571 users.go:107: &{0x140001bc6c0 <nil> 1 0x1400029c8c0 0}
2022/10/18 15:47:28.499289 main.go:37: Start of Entry After Re-run
2022/10/18 15:47:35.783454 users.go:107: &{0x140000a0090 <nil> 1 0x1400009e1c0 0}
2022/10/18 15:49:58.749003 main.go:37: Start of Entry After Re-run
2022/10/18 15:50:04.015406 users.go:107: &{0x140002ac990 <nil> 1 0x1400038c700 0}
2022/10/18 15:50:31.410461 main.go:37: Start of Entry After Re-run
2022/10/18 15:50:34.902158 users.go:107: &{0x140000bc630 <nil> 1 0x1400039c380 0}
2022/10/18 15:51:42.836281 main.go:37: Start of Entry After Re-run
2022/10/18 15:51:49.394456 users.go:107: &{0x1400044e090 <nil> 1 0x1400042e380 0}
2022/10/18 15:52:31.813174 main.go:37: Start of Entry After Re-run
2022/10/18 15:52:40.929116 users.go:107: &{0x140000a2090 <nil> 1 0x140000a01c0 0}
2022/10/18 15:54:12.234151 main.go:37: Start of Entry After Re-run
2022/10/18 15:54:16.882872 users.go:107: &{0x140000a2090 <nil> 1 0x140000a01c0 0}
2022/10/18 15:54:35.030706 main.go:37: Start of Entry After Re-run
2022/10/18 15:54:41.130277 users.go:107: &{0x14000490090 <nil> 1 0x1400048e1c0 0}
2022/10/18 15:56:56.675048 users.go:107: &{0x140004f6090 <nil> 1 0x14000302380 0}
2022/10/18 15:58:06.748963 users.go:16: Registration
2022/10/18 15:58:13.575930 users.go:107: &{0x1400036e090 <nil> 1 0x14000686380 0}
2022/10/18 15:58:29.698451 users.go:107: &{0x140002243f0 <nil> 0 0x1400039e1c0 0}
2022/10/18 15:58:37.462824 users.go:107: &{0x140004f6630 <nil> 1 0x140003036c0 0}
2022/10/18 16:00:28.868896 users.go:107: &{0x140004f6090 <nil> 1 0x14000302380 0}
2022/10/18 16:09:17.982617 users.go:107: &{0x140002241b0 <nil> 0 0x14000302540 0}
2022/10/18 16:09:39.789034 users.go:107: &{0x140002243f0 <nil> 1 0x140003028c0 0}
2022/10/18 16:31:04.181889 main.go:37: Start of Entry After Re-run
2022/10/18 16:31:29.602114 users.go:107: Verify Account Query: &{0x14000430090 <nil> 1 0x14000416380 0}
2022/10/18 16:32:31.310309 main.go:37: Start of Entry After Re-run
2022/10/18 16:32:40.137978 users.go:107: Verify Account Query: false
2022/10/18 16:37:03.097576 main.go:37: Start of Entry After Re-run
2022/10/18 16:37:13.311009 users.go:107: Verify Account Query: false
2022/10/18 16:38:27.456035 main.go:37: Start of Entry After Re-run
2022/10/18 16:45:20.188183 main.go:37: Start of Entry After Re-run
2022/10/18 16:45:29.341447 users.go:107: Verify Account Query: &{0x1400041a240 <nil> 1 0x14000446380 0}
